<?xml version="1.0" encoding="utf-8"?><testsuites name="pytest tests"><testsuite name="pytest" errors="0" failures="0" skipped="0" tests="12" time="7.102" timestamp="2026-09-20T09:16:18.816485+00:00" hostname="agent-env-ece71c85-db9f-4d7d-906e-27b7837ae0af"><testcase classname="tests.test_domvus_finance" name="test_charge_and_full_payment_balance_zero" time="1.107" /><testcase classname="tests.test_domvus_finance" name="test_partial_payment" time="0.376" /><testcase classname="tests.test_domvus_finance" name="test_overpayment_credit" time="0.363" /><testcase classname="tests.test_domvus_finance" name="test_oldest_first_allocation" time="0.521" /><testcase classname="tests.test_domvus_finance" name="test_reverse_charge" time="0.441" /><testcase classname="tests.test_domvus_finance" name="test_generate_quotas_idempotent" time="0.242" /><testcase classname="tests.test_domvus_finance" name="test_owner_isolation_and_rbac" time="1.003" /><testcase classname="tests.test_domvus_finance" name="test_permillage_precision" time="0.411" /><testcase classname="tests.test_domvus_finance" name="test_payment_receipt_pdf" time="0.547" /><testcase classname="tests.test_domvus_finance" name="test_notice_pdf" time="0.280" /><testcase classname="tests.test_domvus_finance" name="test_reports_json_and_csv" time="1.311" /><testcase classname="tests.test_domvus_finance" name="test_finance_dashboard_structure" time="0.163" /></testsuite></testsuites>