<?xml version="1.0" encoding="utf-8"?><testsuites name="pytest tests"><testsuite name="pytest" errors="0" failures="0" skipped="0" tests="18" time="6.564" timestamp="2026-09-20T09:36:49.331021+00:00" hostname="agent-env-ece71c85-db9f-4d7d-906e-27b7837ae0af"><testcase classname="tests.test_domvus_ops" name="test_occurrence_lifecycle_and_expense" time="1.469" /><testcase classname="tests.test_domvus_ops" name="test_maintenance_complete_recurring_and_overdue" time="0.270" /><testcase classname="tests.test_domvus_ops" name="test_contract_status_active_expiring_expired" time="0.254" /><testcase classname="tests.test_domvus_ops" name="test_documents_upload_list_download_reject" time="0.259" /><testcase classname="tests.test_domvus_ops" name="test_document_security_owner_cross_condo_403" time="0.457" /><testcase classname="tests.test_domvus_ops" name="test_communication_templates_and_send" time="0.205" /><testcase classname="tests.test_domvus_ops" name="test_assembly_create_agenda_attendee" time="0.268" /><testcase classname="tests.test_domvus_ops" name="test_tasks_create_status_mine" time="0.328" /><testcase classname="tests.test_domvus_ops" name="test_notifications_list_and_read_all" time="0.186" /><testcase classname="tests.test_domvus_ops" name="test_activities_returns_entries" time="0.063" /><testcase classname="tests.test_domvus_ops" name="test_ops_dashboard_returns_all_counts" time="0.070" /><testcase classname="tests.test_domvus_ops" name="test_global_search" time="0.066" /><testcase classname="tests.test_domvus_ops" name="test_owner_occurrences_scoped" time="0.139" /><testcase classname="tests.test_domvus_ops" name="test_owner_403_on_staff_writes" time="0.338" /><testcase classname="tests.test_domvus_ops" name="test_owner_cannot_access_other_condo_occurrence" time="0.132" /><testcase classname="tests.test_domvus_ops" name="test_regression_finance_dashboard" time="0.085" /><testcase classname="tests.test_domvus_ops" name="test_regression_condominiums_fractions_owners" time="0.236" /><testcase classname="tests.test_domvus_ops" name="test_regression_auth_all_roles" time="1.369" /></testsuite></testsuites>