<?xml version="1.0" encoding="utf-8"?><testsuites name="pytest tests"><testsuite name="pytest" errors="0" failures="0" skipped="0" tests="7" time="3.279" timestamp="2026-09-20T10:38:02.225258+00:00" hostname="agent-env-ece71c85-db9f-4d7d-906e-27b7837ae0af"><testcase classname="tests.test_domvus_phase5_assembly" name="test_quorum_shape_and_empty" time="1.112" /><testcase classname="tests.test_domvus_phase5_assembly" name="test_first_call_quorum_needs_majority" time="0.205" /><testcase classname="tests.test_domvus_phase5_assembly" name="test_second_call_any_capital_meets_and_owner_403" time="0.533" /><testcase classname="tests.test_domvus_phase5_assembly" name="test_staff_vote_weighted_tallies_and_result" time="0.392" /><testcase classname="tests.test_domvus_phase5_assembly" name="test_vote_invalid_option_400" time="0.064" /><testcase classname="tests.test_domvus_phase5_assembly" name="test_vote_bad_agenda_number" time="0.066" /><testcase classname="tests.test_domvus_phase5_assembly" name="test_owner_vote_own_fraction_and_isolation" time="0.579" /></testsuite></testsuites>