<?xml version="1.0" encoding="utf-8"?><testsuites name="pytest tests"><testsuite name="pytest" errors="0" failures="0" skipped="0" tests="14" time="3.555" timestamp="2026-09-20T10:21:15.155152+00:00" hostname="agent-env-ece71c85-db9f-4d7d-906e-27b7837ae0af"><testcase classname="tests.test_domvus_phase4" name="test_owner_summary_owner_200" time="0.594" /><testcase classname="tests.test_domvus_phase4" name="test_owner_summary_staff_403" time="0.409" /><testcase classname="tests.test_domvus_phase4" name="test_owner_summary_super_403" time="0.391" /><testcase classname="tests.test_domvus_phase4" name="test_owner_fractions_only_own" time="0.133" /><testcase classname="tests.test_domvus_phase4" name="test_owner_occurrences_only_own_fractions" time="0.203" /><testcase classname="tests.test_domvus_phase4" name="test_owner_403_on_other_owner_occurrence" time="0.191" /><testcase classname="tests.test_domvus_phase4" name="test_owner_document_confidential_condo_level_denied" time="0.199" /><testcase classname="tests.test_domvus_phase4" name="test_owner_document_personal_condo_level_denied" time="0.199" /><testcase classname="tests.test_domvus_phase4" name="test_owner_can_access_own_condo_non_confidential" time="0.194" /><testcase classname="tests.test_domvus_phase4" name="test_owner_document_other_condo_403" time="0.267" /><testcase classname="tests.test_domvus_phase4" name="test_owner_can_create_occurrence_for_own_fraction" time="0.201" /><testcase classname="tests.test_domvus_phase4" name="test_regression_manager_finance_dashboard" time="0.097" /><testcase classname="tests.test_domvus_phase4" name="test_regression_manager_ops_dashboard" time="0.067" /><testcase classname="tests.test_domvus_phase4" name="test_regression_manager_occurrences_full" time="0.073" /></testsuite></testsuites>