<?xml version="1.0" encoding="utf-8"?><testsuites name="pytest tests"><testsuite name="pytest" errors="0" failures="0" skipped="0" tests="20" time="5.812" timestamp="2026-09-19T19:18:25.967225+00:00" hostname="agent-env-ece71c85-db9f-4d7d-906e-27b7837ae0af"><testcase classname="tests.test_domvus_backend.TestAuth" name="test_login_super_admin" time="0.408" /><testcase classname="tests.test_domvus_backend.TestTenantIsolation" name="test_super_admin_sees_three_condos" time="0.906" /><testcase classname="tests.test_domvus_backend.TestAuth" name="test_me_returns_same_user" time="0.564" /><testcase classname="tests.test_domvus_backend.TestAuth" name="test_logout_clears_session" time="0.766" /><testcase classname="tests.test_domvus_backend.TestTenantIsolation" name="test_owner_sees_only_own_condo" time="0.601" /><testcase classname="tests.test_domvus_backend.TestTenantIsolation" name="test_owner_403_on_other_condo" time="0.306" /><testcase classname="tests.test_domvus_backend.TestAuth" name="test_invalid_password_returns_401" time="0.374" /><testcase classname="tests.test_domvus_backend.TestTenantIsolation" name="test_owner_transactions_limited" time="0.359" /><testcase classname="tests.test_domvus_backend.TestAuth" name="test_brute_force_lockout_returns_429" time="1.360" /><testcase classname="tests.test_domvus_backend.TestTenantIsolation" name="test_owner_fractions_limited" time="0.164" /><testcase classname="tests.test_domvus_backend.TestDashboard" name="test_dashboard_structure_and_receivable" time="0.149" /><testcase classname="tests.test_domvus_backend.TestDashboard" name="test_dashboard_filter_by_condo" time="0.137" /><testcase classname="tests.test_domvus_backend.TestDashboard" name="test_dashboard_owner_scoped" time="0.062" /><testcase classname="tests.test_domvus_backend.TestCondominiumsCRUD" name="test_full_flow" time="1.378" /><testcase classname="tests.test_domvus_backend.TestRBAC" name="test_owner_cannot_create_condominium" time="0.524" /><testcase classname="tests.test_domvus_backend.TestRBAC" name="test_owner_cannot_create_fraction" time="0.077" /><testcase classname="tests.test_domvus_backend.TestFinance" name="test_fraction_balance_from_transactions" time="0.962" /><testcase classname="tests.test_domvus_backend.TestRBAC" name="test_owner_cannot_create_owner" time="0.110" /><testcase classname="tests.test_domvus_backend.TestRBAC" name="test_owner_cannot_create_transaction" time="0.109" /><testcase classname="tests.test_domvus_backend.TestPersistence" name="test_owner_creation_persists" time="0.274" /></testsuite></testsuites>